2021-12-21 21:29:50,848 - INFO - Beginning execution of dms2_logoplot in directory /Users/sam/Desktop/Jimin_analyses/20210402_Complete_Analysis/diffsel_data_processing/UnfilteredUnaveragedLogo

2021-12-21 21:29:50,849 - INFO - Progress is being logged to ./sequencelogo/ATF6-replicate3.log
2021-12-21 21:29:50,865 - INFO - Version information:
	Time and date: Tue Dec 21 21:29:50 2021
	Platform: Darwin-17.7.0-x86_64-i386-64bit
	Python version: 3.6.8 |Anaconda, Inc.| (default, Dec 29 2018, 19:04:46)  [GCC 4.2.1 Compatible Clang 4.0.1 (tags/RELEASE_401/final)]
	dms_tools2 version: 2.4.14
	Bio version: 1.73
	HTSeq version: 0.11.2
	pandas version: 0.24.2
	numpy version: 1.16.2
	IPython version: 7.4.0
	jupyter version unknown
	matplotlib version: 3.0.3
	plotnine version: 0.5.1
	natsort version: 6.0.0
	pystan version: 2.16.0.0
	scipy version: 1.2.1
	seaborn version: 0.9.0
	phydmslib version: 2.3.1
	statsmodels version: 0.9.0
	rpy2 version: 2.9.4
	regex version: 2.5.29
	umi_tools version: 1.0.0

2021-12-21 21:29:50,866 - INFO - Parsed the following arguments:
	outdir = ./sequencelogo
	ncpus = -1
	use_existing = yes
	prefs = None
	diffsel = ./diffsel/ATF6-replicate3_diffsel.csv
	fracsurvive = None
	diffprefs = None
	muteffects = None
	name = ATF6-replicate3
	nperline = 113
	numberevery = 10
	excludestop = no
	stringency = 1
	restrictdiffsel = all
	diffselrange = [-20.0, 20.0]
	muteffectrange = None
	fracsurvivemax = None
	sortsites = yes
	mapmetric = functionalgroup
	colormap = jet
	overlay1 = ['./overlays/ATF6_wildtypeoverlay.csv', 'wildtype', 'wildtype']
	overlay2 = ['./overlays/ATF6_regionoverlay.csv', 'R', 'Region']
	overlay3 = ['./overlays/ATF6_sitetypeoverlay.csv', 'F', 'Function']
	underlay = yes
	scalebar = None
	overlaycolormap = rainbow
	letterheight = 8.0
	ignore_extracols = yes
	sepline = yes

2021-12-21 21:29:50,866 - INFO - Reading diffsel from file ./diffsel/ATF6-replicate3_diffsel.csv...
2021-12-21 21:29:50,909 - INFO - Read data for 673 sites.

2021-12-21 21:29:50,994 - INFO - Reading overlay for wildtype from ./overlays/ATF6_wildtypeoverlay.csv...
2021-12-21 21:29:51,002 - INFO - Read overlay for 673 sites.

2021-12-21 21:29:51,003 - INFO - Reading overlay for R from ./overlays/ATF6_regionoverlay.csv...
2021-12-21 21:29:51,011 - INFO - Read overlay for 673 sites.

2021-12-21 21:29:51,011 - INFO - Reading overlay for F from ./overlays/ATF6_sitetypeoverlay.csv...
2021-12-21 21:29:51,018 - INFO - Read overlay for 106 sites.

2021-12-21 21:29:51,018 - INFO - Making logo plot ./sequencelogo/ATF6-replicate3_diffsel.pdf...
2021-12-21 21:30:08,205 - INFO - Successfully created logo plot.

2021-12-21 21:30:08,206 - INFO - Successful completion of dms2_logoplot
