2021-04-16 14:25:21,978 - INFO - Beginning execution of dms2_bcsubamp in directory /Users/sjhendel/Desktop/Huiming_dms_tools2

2021-04-16 14:25:21,979 - INFO - Progress is being logged to ./results/codoncounts/Mt1-D.log
2021-04-16 14:25:22,054 - INFO - Version information:
	Time and date: Fri Apr 16 14:25:21 2021
	Platform: macOS-10.14.6-x86_64-i386-64bit
	Python version: 3.8.5 (default, Sep  4 2020, 02:22:02)  [Clang 10.0.0 ]
	dms_tools2 version: 2.6.7
	Bio version: 1.77
	pandas version: 0.25.3
	numpy version: 1.19.2
	IPython version: 7.19.0
	jupyter version unknown
	matplotlib version: 3.2.2
	plotnine version: 0.6.0
	natsort version: 7.1.1
	pystan version: 2.19.0.0
	scipy version: 1.5.2
	seaborn version: 0.11.0
	phydmslib version: 2.4.0
	statsmodels version: 0.12.0
	rpy2 cannot be imported
	regex version: 2.5.86
	umi_tools version: 1.1.1

2021-04-16 14:25:22,055 - INFO - Parsed the following arguments:
	outdir = ./results/codoncounts
	ncpus = -1
	use_existing = yes
	refseq = ./HIV_LAI_Env_reference_seq.fa
	alignspecs = ['103,336,45,42', '337,561,45,42', '520,795,43,36', '772,1002,42,42', '994,1221,42,39', '1186,1422,45,39', '1414,1653,39,39', '1651,1902,36,42', '1897,2136,36,36']
	bclen = 8
	fastqdir = /Users/sjhendel/Documents/FASTQ_Files/HIV_Env_DMS_EN/
	R2 = ['/Users/sjhendel/Documents/FASTQ_Files/HIV_Env_DMS_EN/171013Sho_D17-193002_2_sequence.remerged.fastq']
	R1trim = [200]
	R2trim = [160]
	bclen2 = None
	chartype = codon
	maxmuts = 4
	minq = 15
	minreads = 2
	minfraccall = 0.95
	minconcur = 0.75
	sitemask = None
	purgeread = 0.0
	purgebc = 0.0
	bcinfo = True
	bcinfo_csv = True
	name = Mt1-D
	R1 = ['/Users/sjhendel/Documents/FASTQ_Files/HIV_Env_DMS_EN/171013Sho_D17-193002_1_sequence.remerged.fastq']

2021-04-16 14:25:22,070 - INFO - Read refseq of 2166 codons from ./HIV_LAI_Env_reference_seq.fa
2021-04-16 14:25:22,070 - INFO - Reads are in these FASTQ pairs:
	/Users/sjhendel/Documents/FASTQ_Files/HIV_Env_DMS_EN/171013Sho_D17-193002_1_sequence.remerged.fastq and /Users/sjhendel/Documents/FASTQ_Files/HIV_Env_DMS_EN/171013Sho_D17-193002_2_sequence.remerged.fastq

2021-04-16 14:25:22,071 - INFO - Now parsing read pairs...
2021-04-16 14:25:34,236 - INFO - Reads parsed so far: 500000
2021-04-16 14:25:41,394 - INFO - Reads parsed so far: 1000000
2021-04-16 14:25:48,977 - INFO - Reads parsed so far: 1500000
2021-04-16 14:25:56,040 - INFO - Reads parsed so far: 2000000
2021-04-16 14:26:03,288 - INFO - Reads parsed so far: 2500000
2021-04-16 14:26:10,890 - INFO - Reads parsed so far: 3000000
2021-04-16 14:26:18,633 - INFO - Reads parsed so far: 3500000
2021-04-16 14:26:25,069 - INFO - Reads parsed so far: 4000000
2021-04-16 14:26:33,207 - INFO - Reads parsed so far: 4500000
2021-04-16 14:26:39,682 - INFO - Reads parsed so far: 5000000
2021-04-16 14:26:48,412 - INFO - Reads parsed so far: 5500000
2021-04-16 14:26:55,213 - INFO - Reads parsed so far: 6000000
2021-04-16 14:27:01,595 - INFO - Reads parsed so far: 6500000
2021-04-16 14:27:10,723 - INFO - Reads parsed so far: 7000000
2021-04-16 14:27:17,131 - INFO - Reads parsed so far: 7500000
2021-04-16 14:27:23,510 - INFO - Reads parsed so far: 8000000
2021-04-16 14:27:33,283 - INFO - Reads parsed so far: 8500000
2021-04-16 14:27:39,931 - INFO - Reads parsed so far: 9000000
2021-04-16 14:27:46,932 - INFO - Reads parsed so far: 9500000
2021-04-16 14:27:54,152 - INFO - Reads parsed so far: 10000000
2021-04-16 14:28:01,355 - INFO - Reads parsed so far: 10500000
2021-04-16 14:28:17,833 - INFO - Reads parsed so far: 11000000
2021-04-16 14:28:25,423 - INFO - Reads parsed so far: 11500000
2021-04-16 14:28:34,072 - INFO - Reads parsed so far: 12000000
2021-04-16 14:28:41,455 - INFO - Reads parsed so far: 12500000
2021-04-16 14:28:48,324 - INFO - Reads parsed so far: 13000000
2021-04-16 14:29:01,248 - INFO - Reads parsed so far: 13500000
2021-04-16 14:29:08,795 - INFO - Reads parsed so far: 14000000
2021-04-16 14:29:15,592 - INFO - Reads parsed so far: 14500000
2021-04-16 14:29:22,745 - INFO - Reads parsed so far: 15000000
2021-04-16 14:29:29,568 - INFO - Reads parsed so far: 15500000
2021-04-16 14:29:36,351 - INFO - Reads parsed so far: 16000000
2021-04-16 14:29:39,443 - INFO - Parsed 16221847 reads, found 14971957 unique barcodes.
2021-04-16 14:29:39,452 - INFO - Summary stats on reads:
    total  fail filter  low Q barcode
 16221847            0         154154
2021-04-16 14:29:39,452 - INFO - Writing these stats to ./results/codoncounts/Mt1-D_readstats.csv

2021-04-16 14:29:44,302 - INFO - Number of reads per barcode:
                 number of barcodes
number of reads                    
1                          14033829
2                            819424
3                            104363
4                             12363
5                              1487
6                               213
7                                79
8                                48
9                                27
10                               16
11                               12
12                               14
13                                5
14                                6
15                                7
16                                4
17                                1
18                                8
19                                4
20                                4
21                                1
22                                1
23                                2
24                                1
25                                1
28                                1
29                                7
30                                2
31                                1
32                                3
33                                1
35                                2
37                                2
38                                1
43                                1
45                                1
49                                1
58                                1
60                                1
68                                1
71                                1
75                                1
86                                1
93                                1
97                                1
120                               1
242                               1
323                               1
390                               1
731                               1
18165                             1
2021-04-16 14:29:44,303 - INFO - Writing these stats to ./results/codoncounts/Mt1-D_readsperbc.csv

2021-04-16 14:29:44,304 - INFO - Examining the 14971957 barcodes to build and align subamplicons...
2021-04-16 14:29:47,935 - INFO - Barcodes examined so far: 200000
2021-04-16 14:29:51,369 - INFO - Barcodes examined so far: 400000
2021-04-16 14:29:54,776 - INFO - Barcodes examined so far: 600000
2021-04-16 14:29:58,167 - INFO - Barcodes examined so far: 800000
2021-04-16 14:30:01,509 - INFO - Barcodes examined so far: 1000000
2021-04-16 14:30:04,837 - INFO - Barcodes examined so far: 1200000
2021-04-16 14:30:08,161 - INFO - Barcodes examined so far: 1400000
2021-04-16 14:30:11,462 - INFO - Barcodes examined so far: 1600000
2021-04-16 14:30:14,740 - INFO - Barcodes examined so far: 1800000
2021-04-16 14:30:17,992 - INFO - Barcodes examined so far: 2000000
2021-04-16 14:30:21,220 - INFO - Barcodes examined so far: 2200000
2021-04-16 14:30:24,399 - INFO - Barcodes examined so far: 2400000
2021-04-16 14:30:27,579 - INFO - Barcodes examined so far: 2600000
2021-04-16 14:30:30,745 - INFO - Barcodes examined so far: 2800000
2021-04-16 14:30:33,869 - INFO - Barcodes examined so far: 3000000
2021-04-16 14:30:36,953 - INFO - Barcodes examined so far: 3200000
2021-04-16 14:30:40,038 - INFO - Barcodes examined so far: 3400000
2021-04-16 14:30:43,003 - INFO - Barcodes examined so far: 3600000
2021-04-16 14:30:46,088 - INFO - Barcodes examined so far: 3800000
2021-04-16 14:30:49,091 - INFO - Barcodes examined so far: 4000000
2021-04-16 14:30:52,093 - INFO - Barcodes examined so far: 4200000
2021-04-16 14:30:55,049 - INFO - Barcodes examined so far: 4400000
2021-04-16 14:30:58,005 - INFO - Barcodes examined so far: 4600000
2021-04-16 14:31:00,926 - INFO - Barcodes examined so far: 4800000
2021-04-16 14:31:03,809 - INFO - Barcodes examined so far: 5000000
2021-04-16 14:31:06,665 - INFO - Barcodes examined so far: 5200000
2021-04-16 14:31:09,505 - INFO - Barcodes examined so far: 5400000
2021-04-16 14:31:12,345 - INFO - Barcodes examined so far: 5600000
2021-04-16 14:31:15,144 - INFO - Barcodes examined so far: 5800000
2021-04-16 14:31:17,954 - INFO - Barcodes examined so far: 6000000
2021-04-16 14:31:20,721 - INFO - Barcodes examined so far: 6200000
2021-04-16 14:31:23,438 - INFO - Barcodes examined so far: 6400000
2021-04-16 14:31:26,122 - INFO - Barcodes examined so far: 6600000
2021-04-16 14:31:28,845 - INFO - Barcodes examined so far: 6800000
2021-04-16 14:31:31,531 - INFO - Barcodes examined so far: 7000000
2021-04-16 14:31:34,175 - INFO - Barcodes examined so far: 7200000
2021-04-16 14:31:36,862 - INFO - Barcodes examined so far: 7400000
2021-04-16 14:31:39,471 - INFO - Barcodes examined so far: 7600000
2021-04-16 14:31:42,074 - INFO - Barcodes examined so far: 7800000
2021-04-16 14:31:44,710 - INFO - Barcodes examined so far: 8000000
2021-04-16 14:31:47,271 - INFO - Barcodes examined so far: 8200000
2021-04-16 14:31:49,817 - INFO - Barcodes examined so far: 8400000
2021-04-16 14:31:52,330 - INFO - Barcodes examined so far: 8600000
2021-04-16 14:31:54,809 - INFO - Barcodes examined so far: 8800000
2021-04-16 14:31:57,262 - INFO - Barcodes examined so far: 9000000
2021-04-16 14:31:59,774 - INFO - Barcodes examined so far: 9200000
2021-04-16 14:32:02,357 - INFO - Barcodes examined so far: 9400000
2021-04-16 14:32:04,895 - INFO - Barcodes examined so far: 9600000
2021-04-16 14:32:07,419 - INFO - Barcodes examined so far: 9800000
2021-04-16 14:32:09,921 - INFO - Barcodes examined so far: 10000000
2021-04-16 14:32:12,378 - INFO - Barcodes examined so far: 10200000
2021-04-16 14:32:14,803 - INFO - Barcodes examined so far: 10400000
2021-04-16 14:32:17,202 - INFO - Barcodes examined so far: 10600000
2021-04-16 14:32:19,573 - INFO - Barcodes examined so far: 10800000
2021-04-16 14:32:21,911 - INFO - Barcodes examined so far: 11000000
2021-04-16 14:32:24,241 - INFO - Barcodes examined so far: 11200000
2021-04-16 14:32:26,506 - INFO - Barcodes examined so far: 11400000
2021-04-16 14:32:28,732 - INFO - Barcodes examined so far: 11600000
2021-04-16 14:32:30,979 - INFO - Barcodes examined so far: 11800000
2021-04-16 14:32:33,184 - INFO - Barcodes examined so far: 12000000
2021-04-16 14:32:35,344 - INFO - Barcodes examined so far: 12200000
2021-04-16 14:32:37,487 - INFO - Barcodes examined so far: 12400000
2021-04-16 14:32:39,697 - INFO - Barcodes examined so far: 12600000
2021-04-16 14:32:41,767 - INFO - Barcodes examined so far: 12800000
2021-04-16 14:32:43,846 - INFO - Barcodes examined so far: 13000000
2021-04-16 14:32:45,901 - INFO - Barcodes examined so far: 13200000
2021-04-16 14:32:47,882 - INFO - Barcodes examined so far: 13400000
2021-04-16 14:32:49,811 - INFO - Barcodes examined so far: 13600000
2021-04-16 14:32:51,683 - INFO - Barcodes examined so far: 13800000
2021-04-16 14:32:53,560 - INFO - Barcodes examined so far: 14000000
2021-04-16 14:32:55,387 - INFO - Barcodes examined so far: 14200000
2021-04-16 14:32:57,174 - INFO - Barcodes examined so far: 14400000
2021-04-16 14:32:58,933 - INFO - Barcodes examined so far: 14600000
2021-04-16 14:33:00,631 - INFO - Barcodes examined so far: 14800000
2021-04-16 14:33:02,069 - INFO - Examined all barcodes. Summary stats:
    total  too few reads  not alignable  aligned
 14971957       14033829         283128   655000
2021-04-16 14:33:02,069 - INFO - Writing these stats to ./results/codoncounts/Mt1-D_bcstats.csv

2021-04-16 14:33:02,088 - INFO - Writing the counts of each codon identity at each site to ./results/codoncounts/Mt1-D_codoncounts.csv

2021-04-16 14:33:02,142 - INFO - Successful completion of dms2_bcsubamp
